mode: set
eloy-aws-api-service/src/handlers/addDevice/addDevice.go:33.12,40.2 6 1
eloy-aws-api-service/src/handlers/addDevice/addDevice.go:47.95,50.28 1 1
eloy-aws-api-service/src/handlers/addDevice/addDevice.go:60.5,63.19 2 1
eloy-aws-api-service/src/handlers/addDevice/addDevice.go:70.5,73.19 2 1
eloy-aws-api-service/src/handlers/addDevice/addDevice.go:82.5,82.48 1 0
eloy-aws-api-service/src/handlers/addDevice/addDevice.go:50.28,56.6 1 0
eloy-aws-api-service/src/handlers/addDevice/addDevice.go:63.19,68.6 1 1
eloy-aws-api-service/src/handlers/addDevice/addDevice.go:73.19,79.6 1 1
eloy-aws-api-service/src/handlers/addDevice/addDevice.go:85.82,100.31 4 1
eloy-aws-api-service/src/handlers/addDevice/addDevice.go:106.5,108.19 2 1
eloy-aws-api-service/src/handlers/addDevice/addDevice.go:113.5,116.28 2 1
eloy-aws-api-service/src/handlers/addDevice/addDevice.go:121.5,121.37 1 1
eloy-aws-api-service/src/handlers/addDevice/addDevice.go:126.5,126.30 1 1
eloy-aws-api-service/src/handlers/addDevice/addDevice.go:130.5,130.30 1 1
eloy-aws-api-service/src/handlers/addDevice/addDevice.go:135.5,135.32 1 1
eloy-aws-api-service/src/handlers/addDevice/addDevice.go:141.5,141.26 1 1
eloy-aws-api-service/src/handlers/addDevice/addDevice.go:147.5,147.23 1 1
eloy-aws-api-service/src/handlers/addDevice/addDevice.go:100.31,103.6 2 1
eloy-aws-api-service/src/handlers/addDevice/addDevice.go:108.19,111.6 2 1
eloy-aws-api-service/src/handlers/addDevice/addDevice.go:116.28,119.6 2 1
eloy-aws-api-service/src/handlers/addDevice/addDevice.go:121.37,124.6 2 1
eloy-aws-api-service/src/handlers/addDevice/addDevice.go:126.30,129.6 2 1
eloy-aws-api-service/src/handlers/addDevice/addDevice.go:130.30,133.6 2 1
eloy-aws-api-service/src/handlers/addDevice/addDevice.go:135.32,138.6 2 1
eloy-aws-api-service/src/handlers/addDevice/addDevice.go:141.26,143.6 1 1
eloy-aws-api-service/src/handlers/addDevice/addDevice.go:151.86,156.2 3 1
eloy-aws-api-service/src/handlers/addDevice/addDevice.go:158.95,170.2 3 1
eloy-aws-api-service/src/handlers/addDevice/addDevice.go:173.100,192.2 5 1
eloy-aws-api-service/src/handlers/addDevice/addDevice.go:194.13,198.2 1 0
