mode: set
eloy-aws-api-service/src/handlers/addDevice/addDevice.go:31.12,40.16 8 1
eloy-aws-api-service/src/handlers/addDevice/addDevice.go:45.2,46.30 2 1
eloy-aws-api-service/src/handlers/addDevice/addDevice.go:40.16,42.3 1 0
eloy-aws-api-service/src/handlers/addDevice/addDevice.go:46.30,49.3 2 1
eloy-aws-api-service/src/handlers/addDevice/addDevice.go:49.3,51.3 1 0
eloy-aws-api-service/src/handlers/addDevice/addDevice.go:59.95,62.73 1 1
eloy-aws-api-service/src/handlers/addDevice/addDevice.go:70.2,73.16 2 1
eloy-aws-api-service/src/handlers/addDevice/addDevice.go:80.2,83.16 2 1
eloy-aws-api-service/src/handlers/addDevice/addDevice.go:91.2,91.45 1 0
eloy-aws-api-service/src/handlers/addDevice/addDevice.go:62.73,67.3 1 0
eloy-aws-api-service/src/handlers/addDevice/addDevice.go:73.16,78.3 1 1
eloy-aws-api-service/src/handlers/addDevice/addDevice.go:83.16,88.3 1 1
eloy-aws-api-service/src/handlers/addDevice/addDevice.go:94.82,109.28 4 1
eloy-aws-api-service/src/handlers/addDevice/addDevice.go:115.2,117.16 2 1
eloy-aws-api-service/src/handlers/addDevice/addDevice.go:122.2,124.25 2 1
eloy-aws-api-service/src/handlers/addDevice/addDevice.go:129.2,129.34 1 1
eloy-aws-api-service/src/handlers/addDevice/addDevice.go:134.2,134.27 1 1
eloy-aws-api-service/src/handlers/addDevice/addDevice.go:139.2,139.27 1 1
eloy-aws-api-service/src/handlers/addDevice/addDevice.go:144.2,144.29 1 1
eloy-aws-api-service/src/handlers/addDevice/addDevice.go:150.2,150.23 1 1
eloy-aws-api-service/src/handlers/addDevice/addDevice.go:154.2,154.20 1 1
eloy-aws-api-service/src/handlers/addDevice/addDevice.go:109.28,112.3 2 1
eloy-aws-api-service/src/handlers/addDevice/addDevice.go:117.16,120.3 2 1
eloy-aws-api-service/src/handlers/addDevice/addDevice.go:124.25,127.3 2 1
eloy-aws-api-service/src/handlers/addDevice/addDevice.go:129.34,132.3 2 1
eloy-aws-api-service/src/handlers/addDevice/addDevice.go:134.27,137.3 2 1
eloy-aws-api-service/src/handlers/addDevice/addDevice.go:139.27,142.3 2 1
eloy-aws-api-service/src/handlers/addDevice/addDevice.go:144.29,147.3 2 1
eloy-aws-api-service/src/handlers/addDevice/addDevice.go:150.23,152.3 1 1
eloy-aws-api-service/src/handlers/addDevice/addDevice.go:157.86,162.2 3 1
eloy-aws-api-service/src/handlers/addDevice/addDevice.go:164.95,176.2 3 1
eloy-aws-api-service/src/handlers/addDevice/addDevice.go:179.100,193.2 4 1
eloy-aws-api-service/src/handlers/addDevice/addDevice.go:195.12,198.2 1 0
